{"total": {"lines":{"total":289,"covered":73,"skipped":0,"pct":25.25},"statements":{"total":300,"covered":83,"skipped":0,"pct":27.66},"functions":{"total":98,"covered":20,"skipped":0,"pct":20.4},"branches":{"total":133,"covered":78,"skipped":0,"pct":58.64},"branchesTrue":{"total":0,"covered":0,"skipped":0,"pct":100}}
,"/Users/pgonzalez/Documents/LeagueOS/frontend/src/features/league-dashboard/ui/DisciplineWidget.tsx": {"lines":{"total":4,"covered":4,"skipped":0,"pct":100},"functions":{"total":2,"covered":2,"skipped":0,"pct":100},"statements":{"total":4,"covered":4,"skipped":0,"pct":100},"branches":{"total":0,"covered":0,"skipped":0,"pct":100}}
,"/Users/pgonzalez/Documents/LeagueOS/frontend/src/features/league-dashboard/ui/GlobalFooter.tsx": {"lines":{"total":9,"covered":9,"skipped":0,"pct":100},"functions":{"total":1,"covered":1,"skipped":0,"pct":100},"statements":{"total":9,"covered":9,"skipped":0,"pct":100},"branches":{"total":33,"covered":30,"skipped":0,"pct":90.9}}
,"/Users/pgonzalez/Documents/LeagueOS/frontend/src/features/league-dashboard/ui/LeadershipSection.tsx": {"lines":{"total":16,"covered":16,"skipped":0,"pct":100},"functions":{"total":9,"covered":9,"skipped":0,"pct":100},"statements":{"total":23,"covered":23,"skipped":0,"pct":100},"branches":{"total":27,"covered":22,"skipped":0,"pct":81.48}}
,"/Users/pgonzalez/Documents/LeagueOS/frontend/src/features/tenant/context/TenantSettingsContext.tsx": {"lines":{"total":140,"covered":4,"skipped":0,"pct":2.85},"functions":{"total":10,"covered":1,"skipped":0,"pct":10},"statements":{"total":142,"covered":5,"skipped":0,"pct":3.52},"branches":{"total":39,"covered":0,"skipped":0,"pct":0}}
,"/Users/pgonzalez/Documents/LeagueOS/frontend/src/shared/api/league-api.ts": {"lines":{"total":103,"covered":26,"skipped":0,"pct":25.24},"functions":{"total":73,"covered":4,"skipped":0,"pct":5.47},"statements":{"total":103,"covered":26,"skipped":0,"pct":25.24},"branches":{"total":18,"covered":14,"skipped":0,"pct":77.77}}
,"/Users/pgonzalez/Documents/LeagueOS/frontend/src/shared/hooks/useTenantSettings.ts": {"lines":{"total":2,"covered":2,"skipped":0,"pct":100},"functions":{"total":1,"covered":1,"skipped":0,"pct":100},"statements":{"total":2,"covered":2,"skipped":0,"pct":100},"branches":{"total":0,"covered":0,"skipped":0,"pct":100}}
,"/Users/pgonzalez/Documents/LeagueOS/frontend/src/shared/lib/utils.ts": {"lines":{"total":1,"covered":1,"skipped":0,"pct":100},"functions":{"total":1,"covered":1,"skipped":0,"pct":100},"statements":{"total":1,"covered":1,"skipped":0,"pct":100},"branches":{"total":0,"covered":0,"skipped":0,"pct":100}}
,"/Users/pgonzalez/Documents/LeagueOS/frontend/src/shared/utils/security.ts": {"lines":{"total":14,"covered":11,"skipped":0,"pct":78.57},"functions":{"total":1,"covered":1,"skipped":0,"pct":100},"statements":{"total":16,"covered":13,"skipped":0,"pct":81.25},"branches":{"total":16,"covered":12,"skipped":0,"pct":75}}
}
